28-03-2023 09:02:43 --> select code from users WHERE id='108'
28-03-2023 09:02:43 --> insert into logs (order_id,parameter,response) values ('','Array\n(\n)\n','{\"is_verified\":null,\"status\":\"success\",\"user_id\":108,\"code\":null,\"code_sent_date\":null,\"success\":\"Your Account Has Been Successfully Registered.\"}')
28-03-2023 09:04:00 --> insert into logs (order_id,parameter,response) values ('','Array\n(\n    [fname] => Hammad\n    [lname] => Hussain\n    [email] => hammad@friendsitsolutions.com\n    [password] => Hammad@123\n    [PHPSESSID] => 15b7bd542676b4a3e2e5aaa3a0f995b6\n)\n','{\"status\":\"failed\",\"error\":\"Registration Failed. Email or Number already exists\"}')
28-03-2023 09:04:10 --> select code from users WHERE id='109'
28-03-2023 09:04:10 --> insert into logs (order_id,parameter,response) values ('','Array\n(\n    [fname] => Hammad\n    [lname] => Hussain\n    [email] => hammad1@friendsitsolutions.com\n    [password] => Hammad@123\n    [PHPSESSID] => 15b7bd542676b4a3e2e5aaa3a0f995b6\n)\n','{\"is_verified\":null,\"status\":\"success\",\"user_id\":109,\"code\":null,\"code_sent_date\":null,\"success\":\"Your Account Has Been Successfully Registered.\"}')
28-03-2023 09:15:09 --> select * from tokens WHERE token=''
28-03-2023 09:21:10 --> select code from users WHERE id='110'
28-03-2023 10:03:40 --> select * from invoices o join users u ON i.user_id= '109'
28-03-2023 10:04:00 --> select * from invoices o join users u ON i.user_id= '109'
28-03-2023 10:04:53 --> select * from invoices o join users u ON i.user_id= 109
28-03-2023 10:04:55 --> select * from invoices o join users u ON i.user_id= 109
28-03-2023 10:05:14 --> select * from invoices o join users u ON i.user_id= '109'
28-03-2023 10:05:52 --> select * from invoices o join users u ON i.user_id= '109'
28-03-2023 10:06:13 --> select * from invoices o join users u ON i.user_id= '109'
28-03-2023 10:06:30 --> select * from invoices o join users u ON i.user_id= '109'
28-03-2023 10:06:59 --> select * from invoices o join users u ON i.user_id= '109'
28-03-2023 10:07:24 --> select * from invoices o join users u ON i.user_id= '109'
28-03-2023 10:08:10 --> select * from invoices o join users u ON i.user_id= '109'
28-03-2023 10:11:44 --> select * from invoices o join users u ON i.user_id= '109'
28-03-2023 11:07:46 --> insert into users (user_id) values ('110')
31-03-2023 10:01:31 --> select code from users WHERE id='111'
31-03-2023 10:18:45 --> select code from users WHERE id='112'
31-03-2023 10:19:12 --> select code from users WHERE id='113'
31-03-2023 11:33:09 --> select code from users WHERE id='114'
05-04-2023 07:12:16 --> select code from users WHERE id='115'
05-04-2023 07:40:41 --> select code from users WHERE id='116'
05-04-2023 08:16:51 --> select code from users WHERE id='117'
05-04-2023 09:12:28 --> select code from users WHERE id='118'
05-04-2023 10:53:36 --> select code from users WHERE id='119'
05-04-2023 11:24:56 --> select code from users WHERE id='120'
06-04-2023 05:51:05 --> select code from users WHERE id='121'
06-04-2023 06:22:22 --> select code from users WHERE id='122'
06-04-2023 06:28:31 --> select code from users WHERE id='123'
06-04-2023 06:38:04 --> select code from users WHERE id='124'
06-04-2023 06:46:38 --> select code from users WHERE id='125'
06-04-2023 07:36:01 --> select code from users WHERE id='126'
06-04-2023 07:39:28 --> select code from users WHERE id='127'
06-04-2023 07:41:33 --> select code from users WHERE id='128'
06-04-2023 09:17:59 --> insert into users (fname,lname,email,age,country,gender,phone,password,username) values ('Hammad','Hussain','','','','','12345634444444444','Hammad@123','hammad12223323232')
06-04-2023 09:18:17 --> insert into users (fname,lname,email,age,country,gender,phone,password,username) values ('Hammad','Hussain','ddfdffdfd@gmail.com','','','','12345634444444444','Hammad@123','hammad12223323232')
06-04-2023 09:18:19 --> insert into users (fname,lname,email,age,country,gender,phone,password,username) values ('Hammad','Hussain','ddfdffdfd@gmail.com','','','','12345634444444444','Hammad@123','hammad12223323232')
06-04-2023 09:21:05 --> insert into users (fname,lname,email,age,country,gender,phone,password) values ('Hammad','Hussain','ddfdffdfd@gmail.com','','','','12345634444444444','Hammad@123')
06-04-2023 09:21:06 --> insert into users (fname,lname,email,age,country,gender,phone,password) values ('Hammad','Hussain','ddfdffdfd@gmail.com','','','','12345634444444444','Hammad@123')
06-04-2023 09:22:50 --> insert into users (fname,lname,email,age,country,gender,phone,password) values ('Hammad','Hussain','ddfdffdfd@gmail.com','','','','12345634444444444','Hammad@123')
06-04-2023 09:24:48 --> insert into users (fname,lname,email,age,country,gender,phone,password) values ('Hammad','Hussain','ddfdffdfd@gmail.com','','','','12345634444444444','Hammad@123')
06-04-2023 09:24:49 --> insert into users (fname,lname,email,age,country,gender,phone,password) values ('Hammad','Hussain','ddfdffdfd@gmail.com','','','','12345634444444444','Hammad@123')
06-04-2023 09:42:17 --> select code from users WHERE id='129'
06-04-2023 09:46:42 --> select code from users WHERE id='130'
06-04-2023 09:49:01 --> select * from users WHERE (username='Sadam123' || phone='Sadam123') AND password='Sadam123'
06-04-2023 09:49:10 --> select * from users WHERE (username='Sadam123' || phone='Sadam123') AND password='Sadam123'
06-04-2023 09:49:25 --> select * from users WHERE (username='Kamran123' || phone='Kamran123') AND password='Kamran123'
06-04-2023 09:52:03 --> select * from users WHERE (username='Ali1256' || phone='Ali1256') AND password='Ali12345'
06-04-2023 09:53:49 --> select * from users WHERE (username='Sadam123' || phone='Sadam123') AND password='Sadam123'
06-04-2023 10:13:54 --> select code from users WHERE id='131'
06-04-2023 10:17:58 --> select * from users WHERE (username='Tahir3' || phone='Tahir3') AND password='123'
06-04-2023 10:18:06 --> select * from users WHERE (username='Sadam123' || phone='Sadam123') AND password='Sadam123'
06-04-2023 10:18:32 --> select * from users WHERE (username='Sadam123' || phone='Sadam123') AND password='Sadam123'
06-04-2023 10:20:15 --> select code from users WHERE id='132'
06-04-2023 10:24:21 --> select * from users WHERE (username='Sadam123' || phone='Sadam123') AND password='Sadam123'
06-04-2023 10:25:11 --> select * from users WHERE (username='Sadam123' || phone='Sadam123') AND password='Sadam123'
06-04-2023 10:25:18 --> select * from users WHERE (username='Sadam123' || phone='Sadam123') AND password='Sadam123'
06-04-2023 10:25:35 --> select * from users WHERE (username='Kamran123' || phone='Kamran123') AND password='Kamran123'
06-04-2023 10:28:09 --> select * from users WHERE (username='Kamran123' || phone='Kamran123') AND password='Kamran123'
06-04-2023 10:36:54 --> select * from users WHERE (username='Kamran123' || phone='Kamran123') AND password='Kamran123'
06-04-2023 10:38:26 --> select * from users WHERE (username='Kamran123' || phone='Kamran123') AND password='Kamran123'
06-04-2023 10:42:54 --> select * from users WHERE (username='Kamran123' || phone='Kamran123') AND password='Kamran123'
06-04-2023 10:47:28 --> select * from users WHERE (username='Kamran123' || phone='Kamran123') AND password='Kamran123'
06-04-2023 11:07:28 --> select * from users WHERE (username='Tahir3' || phone='Tahir3') AND password='123'
06-04-2023 11:07:45 --> select * from users WHERE (username='Tahir3' || phone='Tahir3') AND password='123'
06-04-2023 11:08:13 --> select * from users WHERE (username='Tahir3' || phone='Tahir3') AND password='123'
06-04-2023 11:08:49 --> select * from users WHERE (username='Tahir3' || phone='Tahir3') AND password='123'
06-04-2023 11:09:52 --> select * from users WHERE (username='Tahir3' || phone='Tahir3') AND password='123'
06-04-2023 11:12:29 --> select * from users WHERE (username='Tahir3' || phone='Tahir3') AND password='123'
06-04-2023 11:14:37 --> select * from users WHERE (username='Tahir3' || phone='Tahir3') AND password='123'
06-04-2023 11:15:06 --> select * from users WHERE (username='Tahir3' || phone='Tahir3') AND password='123'
06-04-2023 11:22:37 --> select * from users WHERE (username='Tahir3' || phone='Tahir3') AND password='123'
06-04-2023 11:23:45 --> select * from users WHERE (username='zainabsajjad1' || phone='zainabsajjad1') AND password='zainab123'
06-04-2023 11:23:49 --> select * from users WHERE (username='zainabsajjad1' || phone='zainabsajjad1') AND password='zainab123'
06-04-2023 11:27:52 --> select * from users WHERE (username='zainabsajjad1' || phone='zainabsajjad1') AND password='zainab123'
06-04-2023 11:31:22 --> select * from users WHERE (username='hammad12222332322323323232233232' || phone='hammad12222332322323323232233232') AND password='Hammad@123'
06-04-2023 11:32:02 --> select * from users WHERE (username='hammad12222332322323323232233232' || phone='hammad12222332322323323232233232') AND password='Hammad@123'
06-04-2023 11:32:54 --> select * from users WHERE (username='adnan@friendsitsolutions.com' || phone='adnan@friendsitsolutions.com') AND password='4742481'
06-04-2023 11:32:57 --> select * from users WHERE (username='adnan@friendsitsolutions.com' || phone='adnan@friendsitsolutions.com') AND password='4742481'
06-04-2023 11:34:19 --> select * from users WHERE (username='Sadam123 ' || phone='Sadam123 ') AND password='Sadam123'
06-04-2023 11:34:25 --> select * from users WHERE (username='Sadam123 ' || phone='Sadam123 ') AND password='Sadam123'
06-04-2023 11:34:54 --> select * from users WHERE (username='Sadam123 ' || phone='Sadam123 ') AND password='Sadam123'
06-04-2023 11:38:50 --> select * from users WHERE (username='zainabsajjad1' || phone='zainabsajjad1') AND password='zainab123'
06-04-2023 11:39:59 --> select * from users WHERE (username='zainabsajjad1' || phone='zainabsajjad1') AND password='zainab123'
06-04-2023 11:40:35 --> select * from users WHERE (username='adnan@friendsitsolutions.com' || phone='adnan@friendsitsolutions.com') AND password='4742481'
06-04-2023 11:40:38 --> select * from users WHERE (username='Sadam123 ' || phone='Sadam123 ') AND password='Sadam123'
06-04-2023 11:40:49 --> select * from users WHERE (username='hammad@friendsitsolutions.com' || phone='hammad@friendsitsolutions.com') AND password='12345'
06-04-2023 11:42:45 --> select * from users WHERE (username='Tahir3' || phone='Tahir3') AND password='123'
06-04-2023 11:43:44 --> select * from users WHERE (username='Tahir3' || phone='Tahir3') AND password='123'
06-04-2023 11:43:52 --> select * from users WHERE (username='Tahir3' || phone='Tahir3') AND password='123'
06-04-2023 11:44:36 --> select * from users WHERE (username='Tahir3' || phone='Tahir3') AND password='123'
06-04-2023 11:45:56 --> select * from users WHERE (username='Tahir3' || phone='Tahir3') AND password='123'
06-04-2023 11:46:03 --> select * from users WHERE (username='Tahir3' || phone='Tahir3') AND password='123'
06-04-2023 11:46:39 --> select * from users WHERE (username='Tahir3' || phone='Tahir3') AND password='123'
06-04-2023 11:47:20 --> select * from users WHERE (username='Tahir3' || phone='Tahir3') AND password='123'
06-04-2023 11:48:57 --> select * from users WHERE (username='Tahir3' || phone='Tahir3') AND password='123'
06-04-2023 11:49:34 --> select * from users WHERE (username='Tahir3' || phone='Tahir3') AND password='123'
06-04-2023 11:49:45 --> select * from users WHERE (username='Tahir3' || phone='Tahir3') AND password='123'
06-04-2023 11:49:52 --> select * from users WHERE (username='Tahir3' || phone='Tahir3') AND password='123'
06-04-2023 12:27:56 --> select code from users WHERE id='133'
